<?xml version="1.0" encoding="UTF-8"?>
<!-- Generated by org.testng.reporters.JUnitReportReporter -->
<testsuite hostname="Sushrut" failures="0" tests="2" name="login.nimapinfotech" time="12.873" errors="0" timestamp="2024-10-30T23:06:33 IST" skipped="0">
  <testcase classname="login.nimapinfotech" name="loginTest" time="10.279"/>
  <testcase classname="login.nimapinfotech" name="addcustomer" time="2.594"/>
</testsuite> <!-- login.nimapinfotech -->
